<?xml version="1.0" encoding="UTF-8"?>
<!-- Generated by org.testng.reporters.JUnitReportReporter -->
<testsuite skipped="0" hostname="ank-debian" name="org.ank.IStest.IsHomeTestCase" tests="6" failures="0" timestamp="14 Dec 2017 06:55:36 GMT" time="21.195" errors="0">
  <testcase name="testISLogin" time="3.155" classname="org.ank.IStest.IsHomeTestCase"/>
  <testcase name="verifyHomepage" time="0.034" classname="org.ank.IStest.IsHomeTestCase"/>
  <testcase name="testSpCreation" time="8.012" classname="org.ank.IStest.IsHomeTestCase"/>
  <testcase name="testIdpCreation" time="2.858" classname="org.ank.IStest.IsHomeTestCase"/>
  <testcase name="testSPDelete" time="4.563" classname="org.ank.IStest.IsHomeTestCase"/>
  <testcase name="testIdpDelete" time="2.573" classname="org.ank.IStest.IsHomeTestCase"/>
</testsuite> <!-- org.ank.IStest.IsHomeTestCase -->
