<?xml version="1.0" encoding="UTF-8"?>
<!-- Generated by org.testng.reporters.JUnitReportReporter -->
<testsuite skipped="0" hostname="ank-debian" name="org.ank.IStest.IsLoginTestCase" tests="3" failures="0" timestamp="12 Dec 2017 12:15:36 GMT" time="8.185" errors="0">
  <testcase name="testInvalidPasswdLogin" time="3.118" classname="org.ank.IStest.IsLoginTestCase"/>
  <testcase name="testInvalidUsernameLogin" time="2.501" classname="org.ank.IStest.IsLoginTestCase"/>
  <testcase name="testInvalidBothLogin" time="2.566" classname="org.ank.IStest.IsLoginTestCase"/>
</testsuite> <!-- org.ank.IStest.IsLoginTestCase -->
