<?xml version="1.0" encoding="UTF-8"?>
<!-- Generated by org.testng.reporters.JUnitReportReporter -->
<testsuite skipped="0" hostname="ank-debian" name="org.ank.IStest.IsHomeTestCase" tests="6" failures="0" timestamp="12 Dec 2017 12:15:36 GMT" time="21.115" errors="0">
  <testcase name="testISLogin" time="3.044" classname="org.ank.IStest.IsHomeTestCase"/>
  <testcase name="verifyHomepage" time="0.032" classname="org.ank.IStest.IsHomeTestCase"/>
  <testcase name="testSpCreation" time="8.043" classname="org.ank.IStest.IsHomeTestCase"/>
  <testcase name="testIdpCreation" time="2.960" classname="org.ank.IStest.IsHomeTestCase"/>
  <testcase name="testSPDelete" time="4.519" classname="org.ank.IStest.IsHomeTestCase"/>
  <testcase name="testIdpDelete" time="2.517" classname="org.ank.IStest.IsHomeTestCase"/>
</testsuite> <!-- org.ank.IStest.IsHomeTestCase -->
