<?xml version="1.0" encoding="UTF-8"?>
<!-- Generated by org.testng.reporters.JUnitReportReporter -->
<testsuite skipped="0" hostname="ank-debian" name="org.ank.IStest.IsLoginTestCase" tests="3" failures="0" timestamp="14 Dec 2017 06:55:36 GMT" time="8.091" errors="0">
  <testcase name="testInvalidPasswdLogin" time="3.090" classname="org.ank.IStest.IsLoginTestCase"/>
  <testcase name="testInvalidUsernameLogin" time="2.468" classname="org.ank.IStest.IsLoginTestCase"/>
  <testcase name="testInvalidBothLogin" time="2.533" classname="org.ank.IStest.IsLoginTestCase"/>
</testsuite> <!-- org.ank.IStest.IsLoginTestCase -->
